#
# There is insufficient memory for the Java Runtime Environment to continue.
# Native memory allocation (malloc) failed to allocate 225936 bytes for Chunk::new
# Possible reasons:
#   The system is out of physical RAM or swap space
#   The process is running with CompressedOops enabled, and the Java Heap may be blocking the growth of the native heap
# Possible solutions:
#   Reduce memory load on the system
#   Increase physical memory or swap space
#   Check if swap backing store is full
#   Decrease Java heap size (-Xmx/-Xms)
#   Decrease number of Java threads
#   Decrease Java thread stack sizes (-Xss)
#   Set larger code cache with -XX:ReservedCodeCacheSize=
#   JVM is running with Unscaled Compressed Oops mode in which the Java heap is
#     placed in the first 4GB address space. The Java Heap base address is the
#     maximum limit for the native heap growth. Please use -XX:HeapBaseMinAddress
#     to set the Java Heap base and to place the Java Heap above 4GB virtual address.
# This output file may be truncated or incomplete.
#
#  Out of Memory Error (./src/hotspot/share/memory/arena.cpp:197), pid=11172, tid=1932
#
# JRE version: OpenJDK Runtime Environment Temurin-11.0.14.1+1 (11.0.14.1+1) (build 11.0.14.1+1)
# Java VM: OpenJDK 64-Bit Server VM Temurin-11.0.14.1+1 (11.0.14.1+1, mixed mode, tiered, compressed oops, g1 gc, windows-amd64)
# No core dump will be written. Minidumps are not enabled by default on client versions of Windows
#

---------------  S U M M A R Y ------------

Command Line: -ea -Didea.test.cyclic.buffer.size=1048576 -javaagent:C:\Program Files\JetBrains\IntelliJ IDEA Community Edition 2021.3.3\lib\idea_rt.jar=65024:C:\Program Files\JetBrains\IntelliJ IDEA Community Edition 2021.3.3\bin -Dfile.encoding=UTF-8 com.intellij.rt.testng.RemoteTestNGStarter -usedefaultlisteners false -socket65023 @w@C:\Users\HP\AppData\Local\Temp\idea_working_dirs_testng.tmp -temp C:\Users\HP\AppData\Local\Temp\idea_testng.tmp

Host: AMD A9-9425 RADEON R5, 5 COMPUTE CORES 2C+3G   , 2 cores, 7G,  Windows 10 , 64 bit Build 19041 (10.0.19041.2913)
Time: Mon Jun 26 16:40:21 2023 FLE Daylight Time elapsed time: 6.061547 seconds (0d 0h 0m 6s)

---------------  T H R E A D  ---------------

Current thread (0x000001ceed732000):  JavaThread "C2 CompilerThread0" daemon [_thread_in_native, id=1932, stack(0x000000015c700000,0x000000015c800000)]


Current CompileTask:
C2:   6061 1447   !   4       java.util.zip.ZipFile::getEntry (73 bytes)

Stack: [0x000000015c700000,0x000000015c800000]
Native frames: (J=compiled Java code, j=interpreted, Vv=VM code, C=native code)
V  [jvm.dll+0x61e59a]
V  [jvm.dll+0x7aaca9]
V  [jvm.dll+0x7ac398]
V  [jvm.dll+0x7aca73]
V  [jvm.dll+0x24f9b8]
V  [jvm.dll+0xc260c]
V  [jvm.dll+0xc2bcc]
V  [jvm.dll+0x359a07]
V  [jvm.dll+0x325b93]
V  [jvm.dll+0x324eca]
V  [jvm.dll+0x208c05]
V  [jvm.dll+0x207ded]
V  [jvm.dll+0x18a2c1]
V  [jvm.dll+0x217734]
V  [jvm.dll+0x21597b]
V  [jvm.dll+0x76d7c0]
V  [jvm.dll+0x766724]
V  [jvm.dll+0x61d3f6]
C  [ucrtbase.dll+0x21bb2]
C  [KERNEL32.DLL+0x17614]
C  [ntdll.dll+0x526a1]


---------------  P R O C E S S  ---------------

Threads class SMR info:
_java_thread_list=0x000001ceee2c2d10, length=11, elements={
0x000001cecf891800, 0x000001ceed720000, 0x000001ceed722000, 0x000001ceed72c000,
0x000001ceed72e000, 0x000001ceed72e800, 0x000001ceed732000, 0x000001ceee108000,
0x000001ceee109000, 0x000001ceee20e800, 0x000001ceee310800
}

Java Threads: ( => current thread )
  0x000001cecf891800 JavaThread "main" [_thread_in_vm, id=12924, stack(0x000000015bb00000,0x000000015bc00000)]
  0x000001ceed720000 JavaThread "Reference Handler" daemon [_thread_blocked, id=4104, stack(0x000000015c200000,0x000000015c300000)]
  0x000001ceed722000 JavaThread "Finalizer" daemon [_thread_blocked, id=3384, stack(0x000000015c300000,0x000000015c400000)]
  0x000001ceed72c000 JavaThread "Signal Dispatcher" daemon [_thread_blocked, id=12584, stack(0x000000015c400000,0x000000015c500000)]
  0x000001ceed72e000 JavaThread "Attach Listener" daemon [_thread_blocked, id=13132, stack(0x000000015c500000,0x000000015c600000)]
  0x000001ceed72e800 JavaThread "Service Thread" daemon [_thread_blocked, id=13752, stack(0x000000015c600000,0x000000015c700000)]
=>0x000001ceed732000 JavaThread "C2 CompilerThread0" daemon [_thread_in_native, id=1932, stack(0x000000015c700000,0x000000015c800000)]
  0x000001ceee108000 JavaThread "C1 CompilerThread0" daemon [_thread_blocked, id=1368, stack(0x000000015c800000,0x000000015c900000)]
  0x000001ceee109000 JavaThread "Sweeper thread" daemon [_thread_blocked, id=10832, stack(0x000000015c900000,0x000000015ca00000)]
  0x000001ceee20e800 JavaThread "Common-Cleaner" daemon [_thread_blocked, id=14856, stack(0x000000015ca00000,0x000000015cb00000)]
  0x000001ceee310800 JavaThread "Monitor Ctrl-Break" daemon [_thread_in_native, id=11840, stack(0x000000015cb00000,0x000000015cc00000)]

Other Threads:
  0x000001ceed6e9800 VMThread "VM Thread" [stack: 0x000000015c100000,0x000000015c200000] [id=10748]
  0x000001ceee313800 WatcherThread [stack: 0x000000015cc00000,0x000000015cd00000] [id=6692]
  0x000001cecf8ad000 GCTaskThread "GC Thread#0" [stack: 0x000000015bc00000,0x000000015bd00000] [id=14968]
  0x000001ceee5b8800 GCTaskThread "GC Thread#1" [stack: 0x000000015cd00000,0x000000015ce00000] [id=13196]
  0x000001cecf8db800 ConcurrentGCThread "G1 Main Marker" [stack: 0x000000015bd00000,0x000000015be00000] [id=9524]
  0x000001cecf8dd000 ConcurrentGCThread "G1 Conc#0" [stack: 0x000000015be00000,0x000000015bf00000] [id=11384]
  0x000001cecf954000 ConcurrentGCThread "G1 Refine#0" [stack: 0x000000015bf00000,0x000000015c000000] [id=6412]
  0x000001cecf956000 ConcurrentGCThread "G1 Young RemSet Sampling" [stack: 0x000000015c000000,0x000000015c100000] [id=13220]

Threads with active compile tasks:
C2 CompilerThread0   6117 1447   !   4       java.util.zip.ZipFile::getEntry (73 bytes)

VM state:not at safepoint (normal execution)

VM Mutex/Monitor currently owned by a thread: None

Heap address: 0x0000000088800000, size: 1912 MB, Compressed Oops mode: 32-bit
Narrow klass base: 0x0000000000000000, Narrow klass shift: 3
Compressed class space size: 1073741824 Address: 0x0000000100000000

Heap:
 garbage-first heap   total 122880K, used 8118K [0x0000000088800000, 0x0000000100000000)
  region size 1024K, 5 young (5120K), 2 survivors (2048K)
 Metaspace       used 16072K, capacity 16359K, committed 16640K, reserved 1064960K
  class space    used 1580K, capacity 1702K, committed 1792K, reserved 1048576K
Heap Regions: E=young(eden), S=young(survivor), O=old, HS=humongous(starts), HC=humongous(continues), CS=collection set, F=free, A=archive, TAMS=top-at-mark-start (previous, next)
|   0|0x0000000088800000, 0x0000000088900000, 0x0000000088900000|100%| O|  |TAMS 0x0000000088800000, 0x0000000088800000| Untracked 
|   1|0x0000000088900000, 0x0000000088a00000, 0x0000000088a00000|100%| O|  |TAMS 0x0000000088900000, 0x0000000088900000| Untracked 
|   2|0x0000000088a00000, 0x0000000088b00000, 0x0000000088b00000|100%| O|  |TAMS 0x0000000088a00000, 0x0000000088a00000| Untracked 
|   3|0x0000000088b00000, 0x0000000088bed800, 0x0000000088c00000| 92%| O|  |TAMS 0x0000000088b00000, 0x0000000088b00000| Untracked 
|   4|0x0000000088c00000, 0x0000000088c00000, 0x0000000088d00000|  0%| F|  |TAMS 0x0000000088c00000, 0x0000000088c00000| Untracked 
|   5|0x0000000088d00000, 0x0000000088d00000, 0x0000000088e00000|  0%| F|  |TAMS 0x0000000088d00000, 0x0000000088d00000| Untracked 
|   6|0x0000000088e00000, 0x0000000088e00000, 0x0000000088f00000|  0%| F|  |TAMS 0x0000000088e00000, 0x0000000088e00000| Untracked 
|   7|0x0000000088f00000, 0x0000000088f00000, 0x0000000089000000|  0%| F|  |TAMS 0x0000000088f00000, 0x0000000088f00000| Untracked 
|   8|0x0000000089000000, 0x0000000089000000, 0x0000000089100000|  0%| F|  |TAMS 0x0000000089000000, 0x0000000089000000| Untracked 
|   9|0x0000000089100000, 0x0000000089100000, 0x0000000089200000|  0%| F|  |TAMS 0x0000000089100000, 0x0000000089100000| Untracked 
|  10|0x0000000089200000, 0x0000000089200000, 0x0000000089300000|  0%| F|  |TAMS 0x0000000089200000, 0x0000000089200000| Untracked 
|  11|0x0000000089300000, 0x0000000089300000, 0x0000000089400000|  0%| F|  |TAMS 0x0000000089300000, 0x0000000089300000| Untracked 
|  12|0x0000000089400000, 0x0000000089400000, 0x0000000089500000|  0%| F|  |TAMS 0x0000000089400000, 0x0000000089400000| Untracked 
|  13|0x0000000089500000, 0x0000000089500000, 0x0000000089600000|  0%| F|  |TAMS 0x0000000089500000, 0x0000000089500000| Untracked 
|  14|0x0000000089600000, 0x0000000089600000, 0x0000000089700000|  0%| F|  |TAMS 0x0000000089600000, 0x0000000089600000| Untracked 
|  15|0x0000000089700000, 0x0000000089700000, 0x0000000089800000|  0%| F|  |TAMS 0x0000000089700000, 0x0000000089700000| Untracked 
|  16|0x0000000089800000, 0x0000000089800000, 0x0000000089900000|  0%| F|  |TAMS 0x0000000089800000, 0x0000000089800000| Untracked 
|  17|0x0000000089900000, 0x0000000089900000, 0x0000000089a00000|  0%| F|  |TAMS 0x0000000089900000, 0x0000000089900000| Untracked 
|  18|0x0000000089a00000, 0x0000000089a00000, 0x0000000089b00000|  0%| F|  |TAMS 0x0000000089a00000, 0x0000000089a00000| Untracked 
|  19|0x0000000089b00000, 0x0000000089b00000, 0x0000000089c00000|  0%| F|  |TAMS 0x0000000089b00000, 0x0000000089b00000| Untracked 
|  20|0x0000000089c00000, 0x0000000089c00000, 0x0000000089d00000|  0%| F|  |TAMS 0x0000000089c00000, 0x0000000089c00000| Untracked 
|  21|0x0000000089d00000, 0x0000000089d00000, 0x0000000089e00000|  0%| F|  |TAMS 0x0000000089d00000, 0x0000000089d00000| Untracked 
|  22|0x0000000089e00000, 0x0000000089e00000, 0x0000000089f00000|  0%| F|  |TAMS 0x0000000089e00000, 0x0000000089e00000| Untracked 
|  23|0x0000000089f00000, 0x0000000089f00000, 0x000000008a000000|  0%| F|  |TAMS 0x0000000089f00000, 0x0000000089f00000| Untracked 
|  24|0x000000008a000000, 0x000000008a000000, 0x000000008a100000|  0%| F|  |TAMS 0x000000008a000000, 0x000000008a000000| Untracked 
|  25|0x000000008a100000, 0x000000008a100000, 0x000000008a200000|  0%| F|  |TAMS 0x000000008a100000, 0x000000008a100000| Untracked 
|  26|0x000000008a200000, 0x000000008a200000, 0x000000008a300000|  0%| F|  |TAMS 0x000000008a200000, 0x000000008a200000| Untracked 
|  27|0x000000008a300000, 0x000000008a300000, 0x000000008a400000|  0%| F|  |TAMS 0x000000008a300000, 0x000000008a300000| Untracked 
|  28|0x000000008a400000, 0x000000008a400000, 0x000000008a500000|  0%| F|  |TAMS 0x000000008a400000, 0x000000008a400000| Untracked 
|  29|0x000000008a500000, 0x000000008a500000, 0x000000008a600000|  0%| F|  |TAMS 0x000000008a500000, 0x000000008a500000| Untracked 
|  30|0x000000008a600000, 0x000000008a600000, 0x000000008a700000|  0%| F|  |TAMS 0x000000008a600000, 0x000000008a600000| Untracked 
|  31|0x000000008a700000, 0x000000008a700000, 0x000000008a800000|  0%| F|  |TAMS 0x000000008a700000, 0x000000008a700000| Untracked 
|  32|0x000000008a800000, 0x000000008a800000, 0x000000008a900000|  0%| F|  |TAMS 0x000000008a800000, 0x000000008a800000| Untracked 
|  33|0x000000008a900000, 0x000000008a900000, 0x000000008aa00000|  0%| F|  |TAMS 0x000000008a900000, 0x000000008a900000| Untracked 
|  34|0x000000008aa00000, 0x000000008aa00000, 0x000000008ab00000|  0%| F|  |TAMS 0x000000008aa00000, 0x000000008aa00000| Untracked 
|  35|0x000000008ab00000, 0x000000008ab00000, 0x000000008ac00000|  0%| F|  |TAMS 0x000000008ab00000, 0x000000008ab00000| Untracked 
|  36|0x000000008ac00000, 0x000000008ac00000, 0x000000008ad00000|  0%| F|  |TAMS 0x000000008ac00000, 0x000000008ac00000| Untracked 
|  37|0x000000008ad00000, 0x000000008ad00000, 0x000000008ae00000|  0%| F|  |TAMS 0x000000008ad00000, 0x000000008ad00000| Untracked 
|  38|0x000000008ae00000, 0x000000008ae00000, 0x000000008af00000|  0%| F|  |TAMS 0x000000008ae00000, 0x000000008ae00000| Untracked 
|  39|0x000000008af00000, 0x000000008af00000, 0x000000008b000000|  0%| F|  |TAMS 0x000000008af00000, 0x000000008af00000| Untracked 
|  40|0x000000008b000000, 0x000000008b000000, 0x000000008b100000|  0%| F|  |TAMS 0x000000008b000000, 0x000000008b000000| Untracked 
|  41|0x000000008b100000, 0x000000008b100000, 0x000000008b200000|  0%| F|  |TAMS 0x000000008b100000, 0x000000008b100000| Untracked 
|  42|0x000000008b200000, 0x000000008b200000, 0x000000008b300000|  0%| F|  |TAMS 0x000000008b200000, 0x000000008b200000| Untracked 
|  43|0x000000008b300000, 0x000000008b300000, 0x000000008b400000|  0%| F|  |TAMS 0x000000008b300000, 0x000000008b300000| Untracked 
|  44|0x000000008b400000, 0x000000008b400000, 0x000000008b500000|  0%| F|  |TAMS 0x000000008b400000, 0x000000008b400000| Untracked 
|  45|0x000000008b500000, 0x000000008b500000, 0x000000008b600000|  0%| F|  |TAMS 0x000000008b500000, 0x000000008b500000| Untracked 
|  46|0x000000008b600000, 0x000000008b600000, 0x000000008b700000|  0%| F|  |TAMS 0x000000008b600000, 0x000000008b600000| Untracked 
|  47|0x000000008b700000, 0x000000008b700000, 0x000000008b800000|  0%| F|  |TAMS 0x000000008b700000, 0x000000008b700000| Untracked 
|  48|0x000000008b800000, 0x000000008b800000, 0x000000008b900000|  0%| F|  |TAMS 0x000000008b800000, 0x000000008b800000| Untracked 
|  49|0x000000008b900000, 0x000000008b900000, 0x000000008ba00000|  0%| F|  |TAMS 0x000000008b900000, 0x000000008b900000| Untracked 
|  50|0x000000008ba00000, 0x000000008ba00000, 0x000000008bb00000|  0%| F|  |TAMS 0x000000008ba00000, 0x000000008ba00000| Untracked 
|  51|0x000000008bb00000, 0x000000008bb00000, 0x000000008bc00000|  0%| F|  |TAMS 0x000000008bb00000, 0x000000008bb00000| Untracked 
|  52|0x000000008bc00000, 0x000000008bc00000, 0x000000008bd00000|  0%| F|  |TAMS 0x000000008bc00000, 0x000000008bc00000| Untracked 
|  53|0x000000008bd00000, 0x000000008bd00000, 0x000000008be00000|  0%| F|  |TAMS 0x000000008bd00000, 0x000000008bd00000| Untracked 
|  54|0x000000008be00000, 0x000000008be00000, 0x000000008bf00000|  0%| F|  |TAMS 0x000000008be00000, 0x000000008be00000| Untracked 
|  55|0x000000008bf00000, 0x000000008bf00000, 0x000000008c000000|  0%| F|  |TAMS 0x000000008bf00000, 0x000000008bf00000| Untracked 
|  56|0x000000008c000000, 0x000000008c000000, 0x000000008c100000|  0%| F|  |TAMS 0x000000008c000000, 0x000000008c000000| Untracked 
|  57|0x000000008c100000, 0x000000008c100000, 0x000000008c200000|  0%| F|  |TAMS 0x000000008c100000, 0x000000008c100000| Untracked 
|  58|0x000000008c200000, 0x000000008c200000, 0x000000008c300000|  0%| F|  |TAMS 0x000000008c200000, 0x000000008c200000| Untracked 
|  59|0x000000008c300000, 0x000000008c300000, 0x000000008c400000|  0%| F|  |TAMS 0x000000008c300000, 0x000000008c300000| Untracked 
|  60|0x000000008c400000, 0x000000008c400000, 0x000000008c500000|  0%| F|  |TAMS 0x000000008c400000, 0x000000008c400000| Untracked 
|  61|0x000000008c500000, 0x000000008c500000, 0x000000008c600000|  0%| F|  |TAMS 0x000000008c500000, 0x000000008c500000| Untracked 
|  62|0x000000008c600000, 0x000000008c600000, 0x000000008c700000|  0%| F|  |TAMS 0x000000008c600000, 0x000000008c600000| Untracked 
|  63|0x000000008c700000, 0x000000008c700000, 0x000000008c800000|  0%| F|  |TAMS 0x000000008c700000, 0x000000008c700000| Untracked 
|  64|0x000000008c800000, 0x000000008c800000, 0x000000008c900000|  0%| F|  |TAMS 0x000000008c800000, 0x000000008c800000| Untracked 
|  65|0x000000008c900000, 0x000000008c900000, 0x000000008ca00000|  0%| F|  |TAMS 0x000000008c900000, 0x000000008c900000| Untracked 
|  66|0x000000008ca00000, 0x000000008ca00000, 0x000000008cb00000|  0%| F|  |TAMS 0x000000008ca00000, 0x000000008ca00000| Untracked 
|  67|0x000000008cb00000, 0x000000008cb00000, 0x000000008cc00000|  0%| F|  |TAMS 0x000000008cb00000, 0x000000008cb00000| Untracked 
|  68|0x000000008cc00000, 0x000000008cc00000, 0x000000008cd00000|  0%| F|  |TAMS 0x000000008cc00000, 0x000000008cc00000| Untracked 
|  69|0x000000008cd00000, 0x000000008cd00000, 0x000000008ce00000|  0%| F|  |TAMS 0x000000008cd00000, 0x000000008cd00000| Untracked 
|  70|0x000000008ce00000, 0x000000008ce00000, 0x000000008cf00000|  0%| F|  |TAMS 0x000000008ce00000, 0x000000008ce00000| Untracked 
|  71|0x000000008cf00000, 0x000000008cf00000, 0x000000008d000000|  0%| F|  |TAMS 0x000000008cf00000, 0x000000008cf00000| Untracked 
|  72|0x000000008d000000, 0x000000008d000000, 0x000000008d100000|  0%| F|  |TAMS 0x000000008d000000, 0x000000008d000000| Untracked 
|  73|0x000000008d100000, 0x000000008d100000, 0x000000008d200000|  0%| F|  |TAMS 0x000000008d100000, 0x000000008d100000| Untracked 
|  74|0x000000008d200000, 0x000000008d200000, 0x000000008d300000|  0%| F|  |TAMS 0x000000008d200000, 0x000000008d200000| Untracked 
|  75|0x000000008d300000, 0x000000008d300000, 0x000000008d400000|  0%| F|  |TAMS 0x000000008d300000, 0x000000008d300000| Untracked 
|  76|0x000000008d400000, 0x000000008d400000, 0x000000008d500000|  0%| F|  |TAMS 0x000000008d400000, 0x000000008d400000| Untracked 
|  77|0x000000008d500000, 0x000000008d500000, 0x000000008d600000|  0%| F|  |TAMS 0x000000008d500000, 0x000000008d500000| Untracked 
|  78|0x000000008d600000, 0x000000008d600000, 0x000000008d700000|  0%| F|  |TAMS 0x000000008d600000, 0x000000008d600000| Untracked 
|  79|0x000000008d700000, 0x000000008d700000, 0x000000008d800000|  0%| F|  |TAMS 0x000000008d700000, 0x000000008d700000| Untracked 
|  80|0x000000008d800000, 0x000000008d800000, 0x000000008d900000|  0%| F|  |TAMS 0x000000008d800000, 0x000000008d800000| Untracked 
|  81|0x000000008d900000, 0x000000008d900000, 0x000000008da00000|  0%| F|  |TAMS 0x000000008d900000, 0x000000008d900000| Untracked 
|  82|0x000000008da00000, 0x000000008da00000, 0x000000008db00000|  0%| F|  |TAMS 0x000000008da00000, 0x000000008da00000| Untracked 
|  83|0x000000008db00000, 0x000000008db00000, 0x000000008dc00000|  0%| F|  |TAMS 0x000000008db00000, 0x000000008db00000| Untracked 
|  84|0x000000008dc00000, 0x000000008dc00000, 0x000000008dd00000|  0%| F|  |TAMS 0x000000008dc00000, 0x000000008dc00000| Untracked 
|  85|0x000000008dd00000, 0x000000008dd00000, 0x000000008de00000|  0%| F|  |TAMS 0x000000008dd00000, 0x000000008dd00000| Untracked 
|  86|0x000000008de00000, 0x000000008de00000, 0x000000008df00000|  0%| F|  |TAMS 0x000000008de00000, 0x000000008de00000| Untracked 
|  87|0x000000008df00000, 0x000000008df00000, 0x000000008e000000|  0%| F|  |TAMS 0x000000008df00000, 0x000000008df00000| Untracked 
|  88|0x000000008e000000, 0x000000008e000000, 0x000000008e100000|  0%| F|  |TAMS 0x000000008e000000, 0x000000008e000000| Untracked 
|  89|0x000000008e100000, 0x000000008e100000, 0x000000008e200000|  0%| F|  |TAMS 0x000000008e100000, 0x000000008e100000| Untracked 
|  90|0x000000008e200000, 0x000000008e200000, 0x000000008e300000|  0%| F|  |TAMS 0x000000008e200000, 0x000000008e200000| Untracked 
|  91|0x000000008e300000, 0x000000008e300000, 0x000000008e400000|  0%| F|  |TAMS 0x000000008e300000, 0x000000008e300000| Untracked 
|  92|0x000000008e400000, 0x000000008e400000, 0x000000008e500000|  0%| F|  |TAMS 0x000000008e400000, 0x000000008e400000| Untracked 
|  93|0x000000008e500000, 0x000000008e500000, 0x000000008e600000|  0%| F|  |TAMS 0x000000008e500000, 0x000000008e500000| Untracked 
|  94|0x000000008e600000, 0x000000008e600000, 0x000000008e700000|  0%| F|  |TAMS 0x000000008e600000, 0x000000008e600000| Untracked 
|  95|0x000000008e700000, 0x000000008e700000, 0x000000008e800000|  0%| F|  |TAMS 0x000000008e700000, 0x000000008e700000| Untracked 
|  96|0x000000008e800000, 0x000000008e800000, 0x000000008e900000|  0%| F|  |TAMS 0x000000008e800000, 0x000000008e800000| Untracked 
|  97|0x000000008e900000, 0x000000008e900000, 0x000000008ea00000|  0%| F|  |TAMS 0x000000008e900000, 0x000000008e900000| Untracked 
|  98|0x000000008ea00000, 0x000000008ea00000, 0x000000008eb00000|  0%| F|  |TAMS 0x000000008ea00000, 0x000000008ea00000| Untracked 
|  99|0x000000008eb00000, 0x000000008eb00000, 0x000000008ec00000|  0%| F|  |TAMS 0x000000008eb00000, 0x000000008eb00000| Untracked 
| 100|0x000000008ec00000, 0x000000008ec00000, 0x000000008ed00000|  0%| F|  |TAMS 0x000000008ec00000, 0x000000008ec00000| Untracked 
| 101|0x000000008ed00000, 0x000000008ed00000, 0x000000008ee00000|  0%| F|  |TAMS 0x000000008ed00000, 0x000000008ed00000| Untracked 
| 102|0x000000008ee00000, 0x000000008ee00000, 0x000000008ef00000|  0%| F|  |TAMS 0x000000008ee00000, 0x000000008ee00000| Untracked 
| 103|0x000000008ef00000, 0x000000008ef00000, 0x000000008f000000|  0%| F|  |TAMS 0x000000008ef00000, 0x000000008ef00000| Untracked 
| 104|0x000000008f000000, 0x000000008f000000, 0x000000008f100000|  0%| F|  |TAMS 0x000000008f000000, 0x000000008f000000| Untracked 
| 105|0x000000008f100000, 0x000000008f100000, 0x000000008f200000|  0%| F|  |TAMS 0x000000008f100000, 0x000000008f100000| Untracked 
| 106|0x000000008f200000, 0x000000008f300000, 0x000000008f300000|100%| S|CS|TAMS 0x000000008f200000, 0x000000008f200000| Complete 
| 107|0x000000008f300000, 0x000000008f400000, 0x000000008f400000|100%| S|CS|TAMS 0x000000008f300000, 0x000000008f300000| Complete 
| 108|0x000000008f400000, 0x000000008f400000, 0x000000008f500000|  0%| F|  |TAMS 0x000000008f400000, 0x000000008f400000| Untracked 
| 109|0x000000008f500000, 0x000000008f500000, 0x000000008f600000|  0%| F|  |TAMS 0x000000008f500000, 0x000000008f500000| Untracked 
| 110|0x000000008f600000, 0x000000008f600000, 0x000000008f700000|  0%| F|  |TAMS 0x000000008f600000, 0x000000008f600000| Untracked 
| 111|0x000000008f700000, 0x000000008f700000, 0x000000008f800000|  0%| F|  |TAMS 0x000000008f700000, 0x000000008f700000| Untracked 
| 112|0x000000008f800000, 0x000000008f800000, 0x000000008f900000|  0%| F|  |TAMS 0x000000008f800000, 0x000000008f800000| Untracked 
| 113|0x000000008f900000, 0x000000008f900000, 0x000000008fa00000|  0%| F|  |TAMS 0x000000008f900000, 0x000000008f900000| Untracked 
| 114|0x000000008fa00000, 0x000000008fa00000, 0x000000008fb00000|  0%| F|  |TAMS 0x000000008fa00000, 0x000000008fa00000| Untracked 
| 115|0x000000008fb00000, 0x000000008fb00000, 0x000000008fc00000|  0%| F|  |TAMS 0x000000008fb00000, 0x000000008fb00000| Untracked 
| 116|0x000000008fc00000, 0x000000008fc00000, 0x000000008fd00000|  0%| F|  |TAMS 0x000000008fc00000, 0x000000008fc00000| Untracked 
| 117|0x000000008fd00000, 0x000000008fe00000, 0x000000008fe00000|100%| E|  |TAMS 0x000000008fd00000, 0x000000008fd00000| Complete 
| 118|0x000000008fe00000, 0x000000008ff00000, 0x000000008ff00000|100%| E|CS|TAMS 0x000000008fe00000, 0x000000008fe00000| Complete 
| 119|0x000000008ff00000, 0x0000000090000000, 0x0000000090000000|100%| E|CS|TAMS 0x000000008ff00000, 0x000000008ff00000| Complete 

Card table byte_map: [0x000001cee6fd0000,0x000001cee7390000] _byte_map_base: 0x000001cee6b8c000

Marking Bits (Prev, Next): (CMBitMap*) 0x000001cecf8d3568, (CMBitMap*) 0x000001cecf8d35a0
 Prev Bits: [0x000001cee7750000, 0x000001cee9530000)
 Next Bits: [0x000001cee9530000, 0x000001ceeb310000)

Polling page: 0x000001cecf070000

Metaspace:

Usage:
  Non-class:     14.31 MB capacity,    14.15 MB ( 99%) used,   141.83 KB ( <1%) free+waste,    22.81 KB ( <1%) overhead. 
      Class:      1.66 MB capacity,     1.54 MB ( 93%) used,   111.20 KB (  7%) free+waste,    10.00 KB ( <1%) overhead. 
       Both:     15.98 MB capacity,    15.70 MB ( 98%) used,   253.03 KB (  2%) free+waste,    32.81 KB ( <1%) overhead. 

Virtual space:
  Non-class space:       16.00 MB reserved,      14.50 MB ( 91%) committed 
      Class space:        1.00 GB reserved,       1.75 MB ( <1%) committed 
             Both:        1.02 GB reserved,      16.25 MB (  2%) committed 

Chunk freelists:
   Non-Class:  63.00 KB
       Class:  26.00 KB
        Both:  89.00 KB

MaxMetaspaceSize: 17179869184.00 GB
CompressedClassSpaceSize: 1.00 GB
Initial GC threshold: 20.80 MB
Current GC threshold: 20.80 MB
CDS: off

CodeHeap 'non-profiled nmethods': size=120064Kb used=419Kb max_used=419Kb free=119644Kb
 bounds [0x000001cedfa90000, 0x000001cedfd00000, 0x000001cee6fd0000]
CodeHeap 'profiled nmethods': size=120000Kb used=2837Kb max_used=2837Kb free=117162Kb
 bounds [0x000001ced8560000, 0x000001ced8830000, 0x000001cedfa90000]
CodeHeap 'non-nmethods': size=5696Kb used=1159Kb max_used=1174Kb free=4536Kb
 bounds [0x000001ced7fd0000, 0x000001ced8240000, 0x000001ced8560000]
 total_blobs=1867 nmethods=1446 adapters=335
 compilation: enabled
              stopped_count=0, restarted_count=0
 full_count=0

Compilation events (20 events):
Event: 5.979 Thread 0x000001ceee108000 nmethod 1437 0x000001ced881c510 code [0x000001ced881cb40, 0x000001ced8820458]
Event: 5.980 Thread 0x000001ceed732000 1438       4       java.util.HashMap$KeyIterator::next (8 bytes)
Event: 5.981 Thread 0x000001ceee108000 1439       3       sun.security.ssl.CipherSuite::isAvailable (52 bytes)
Event: 5.981 Thread 0x000001ceee108000 nmethod 1439 0x000001ced8821910 code [0x000001ced8821ae0, 0x000001ced8821e58]
Event: 5.982 Thread 0x000001ceee108000 1440       3       java.util.LinkedHashMap$LinkedKeyIterator::next (8 bytes)
Event: 5.982 Thread 0x000001ceee108000 nmethod 1440 0x000001ced8821f90 code [0x000001ced8822140, 0x000001ced8822288]
Event: 5.988 Thread 0x000001ceee108000 1442       3       java.util.jar.Manifest::getTrustedAttributes (57 bytes)
Event: 5.990 Thread 0x000001ceee108000 nmethod 1442 0x000001ced8822390 code [0x000001ced8822620, 0x000001ced8823198]
Event: 5.991 Thread 0x000001ceed732000 nmethod 1438 0x000001cedfaf7990 code [0x000001cedfaf7b20, 0x000001cedfaf7ef8]
Event: 5.991 Thread 0x000001ceed732000 1441       4       java.lang.StringCoding::encodeUTF8 (132 bytes)
Event: 5.994 Thread 0x000001ceed732000 nmethod 1441 0x000001cedfaf8090 code [0x000001cedfaf8220, 0x000001cedfaf8418]
Event: 6.017 Thread 0x000001ceed732000 1443       4       java.util.zip.ZipFile::ensureOpen (38 bytes)
Event: 6.018 Thread 0x000001ceed732000 nmethod 1443 0x000001cedfaf8590 code [0x000001cedfaf8720, 0x000001cedfaf87b8]
Event: 6.032 Thread 0x000001ceee108000 1444       3       java.net.URL::getDefaultPort (8 bytes)
Event: 6.032 Thread 0x000001ceee108000 nmethod 1444 0x000001ced8823590 code [0x000001ced8823740, 0x000001ced8823908]
Event: 6.033 Thread 0x000001ceee108000 1445       3       sun.net.util.URLUtil::urlNoFragString (114 bytes)
Event: 6.034 Thread 0x000001ceed732000 1446       4       java.util.zip.ZipCoder$UTF8::getBytes (10 bytes)
Event: 6.035 Thread 0x000001ceee108000 nmethod 1445 0x000001ced8823a10 code [0x000001ced8823d80, 0x000001ced8824fb8]
Event: 6.037 Thread 0x000001ceed732000 nmethod 1446 0x000001cedfaf8890 code [0x000001cedfaf8a40, 0x000001cedfaf8c78]
Event: 6.037 Thread 0x000001ceed732000 1447   !   4       java.util.zip.ZipFile::getEntry (73 bytes)

GC Heap History (6 events):
Event: 2.116 GC heap before
{Heap before GC invocations=0 (full 0):
 garbage-first heap   total 122880K, used 6144K [0x0000000088800000, 0x0000000100000000)
  region size 1024K, 7 young (7168K), 0 survivors (0K)
 Metaspace       used 7681K, capacity 7817K, committed 7936K, reserved 1056768K
  class space    used 661K, capacity 708K, committed 768K, reserved 1048576K
}
Event: 2.139 GC heap after
{Heap after GC invocations=1 (full 0):
 garbage-first heap   total 122880K, used 3645K [0x0000000088800000, 0x0000000100000000)
  region size 1024K, 1 young (1024K), 1 survivors (1024K)
 Metaspace       used 7681K, capacity 7817K, committed 7936K, reserved 1056768K
  class space    used 661K, capacity 708K, committed 768K, reserved 1048576K
}
Event: 4.355 GC heap before
{Heap before GC invocations=1 (full 0):
 garbage-first heap   total 122880K, used 7741K [0x0000000088800000, 0x0000000100000000)
  region size 1024K, 6 young (6144K), 1 survivors (1024K)
 Metaspace       used 11622K, capacity 11805K, committed 12032K, reserved 1060864K
  class space    used 1101K, capacity 1189K, committed 1280K, reserved 1048576K
}
Event: 4.364 GC heap after
{Heap after GC invocations=2 (full 0):
 garbage-first heap   total 122880K, used 4533K [0x0000000088800000, 0x0000000100000000)
  region size 1024K, 1 young (1024K), 1 survivors (1024K)
 Metaspace       used 11622K, capacity 11805K, committed 12032K, reserved 1060864K
  class space    used 1101K, capacity 1189K, committed 1280K, reserved 1048576K
}
Event: 5.700 GC heap before
{Heap before GC invocations=2 (full 0):
 garbage-first heap   total 122880K, used 15797K [0x0000000088800000, 0x0000000100000000)
  region size 1024K, 12 young (12288K), 1 survivors (1024K)
 Metaspace       used 15027K, capacity 15290K, committed 15488K, reserved 1062912K
  class space    used 1450K, capacity 1558K, committed 1664K, reserved 1048576K
}
Event: 5.709 GC heap after
{Heap after GC invocations=3 (full 0):
 garbage-first heap   total 122880K, used 6070K [0x0000000088800000, 0x0000000100000000)
  region size 1024K, 2 young (2048K), 2 survivors (2048K)
 Metaspace       used 15027K, capacity 15290K, committed 15488K, reserved 1062912K
  class space    used 1450K, capacity 1558K, committed 1664K, reserved 1048576K
}

Deoptimization events (20 events):
Event: 3.071 Thread 0x000001cecf891800 DEOPT PACKING pc=0x000001cedfab80ac sp=0x000000015bbfdfb0
Event: 3.071 Thread 0x000001cecf891800 DEOPT UNPACKING pc=0x000001ced801a1af sp=0x000000015bbfdf28 mode 2
Event: 3.131 Thread 0x000001cecf891800 DEOPT PACKING pc=0x000001ced8687ce3 sp=0x000000015bbfe210
Event: 3.131 Thread 0x000001cecf891800 DEOPT UNPACKING pc=0x000001ced801a95e sp=0x000000015bbfd6c0 mode 0
Event: 3.147 Thread 0x000001cecf891800 Uncommon trap: trap_request=0xffffffc6 fr.pc=0x000001cedfab80ac relative=0x00000000000004cc
Event: 3.147 Thread 0x000001cecf891800 Uncommon trap: reason=bimorphic_or_optimized_type_check action=maybe_recompile pc=0x000001cedfab80ac method=java.util.HashMap.getNode(ILjava/lang/Object;)Ljava/util/HashMap$Node; @ 59 c2
Event: 3.147 Thread 0x000001cecf891800 DEOPT PACKING pc=0x000001cedfab80ac sp=0x000000015bbfe150
Event: 3.147 Thread 0x000001cecf891800 DEOPT UNPACKING pc=0x000001ced801a1af sp=0x000000015bbfe0c8 mode 2
Event: 3.202 Thread 0x000001cecf891800 Uncommon trap: trap_request=0xffffff4d fr.pc=0x000001cedfab6070 relative=0x00000000000001d0
Event: 3.202 Thread 0x000001cecf891800 Uncommon trap: reason=unstable_if action=reinterpret pc=0x000001cedfab6070 method=java.lang.String.startsWith(Ljava/lang/String;I)Z @ 1 c2
Event: 3.202 Thread 0x000001cecf891800 DEOPT PACKING pc=0x000001cedfab6070 sp=0x000000015bbfb480
Event: 3.202 Thread 0x000001cecf891800 DEOPT UNPACKING pc=0x000001ced801a1af sp=0x000000015bbfb3f0 mode 2
Event: 4.269 Thread 0x000001cecf891800 Uncommon trap: trap_request=0xffffffc6 fr.pc=0x000001cedfab80ac relative=0x00000000000004cc
Event: 4.269 Thread 0x000001cecf891800 Uncommon trap: reason=bimorphic_or_optimized_type_check action=maybe_recompile pc=0x000001cedfab80ac method=java.util.HashMap.getNode(ILjava/lang/Object;)Ljava/util/HashMap$Node; @ 59 c2
Event: 4.269 Thread 0x000001cecf891800 DEOPT PACKING pc=0x000001cedfab80ac sp=0x000000015bbfe5d0
Event: 4.269 Thread 0x000001cecf891800 DEOPT UNPACKING pc=0x000001ced801a1af sp=0x000000015bbfe548 mode 2
Event: 4.568 Thread 0x000001cecf891800 DEOPT PACKING pc=0x000001ced85a855b sp=0x000000015bbfd980
Event: 4.568 Thread 0x000001cecf891800 DEOPT UNPACKING pc=0x000001ced801a95e sp=0x000000015bbfcdf8 mode 0
Event: 5.464 Thread 0x000001cecf891800 DEOPT PACKING pc=0x000001ced8773f38 sp=0x000000015bbfd410
Event: 5.464 Thread 0x000001cecf891800 DEOPT UNPACKING pc=0x000001ced801a95e sp=0x000000015bbfc890 mode 0

Classes redefined (0 events):
No events

Internal exceptions (14 events):
Event: 2.780 Thread 0x000001cecf891800 Exception <a 'java/lang/NoSuchMethodError'{0x000000008fd383c8}: 'java.lang.Object java.lang.invoke.DirectMethodHandle$Holder.invokeStatic(java.lang.Object, java.lang.Object, java.lang.Object, java.lang.Object, java.lang.Object, java.lang.Object, java.lang.Object, java.lang.Object, java.lang.Object, java.lang.Object, java.lang.Object, java.lang.Object, java.lang.Object, java.lang.Object, java.lang.Object)'> (0x000000008fd383c8) thrown at [./src/hotspot/share/interpreter/linkResolver.cpp, line 773]
Event: 2.788 Thread 0x000001cecf891800 Exception <a 'java/lang/NoSuchMethodError'{0x000000008fd464b8}: 'java.lang.Object java.lang.invoke.DirectMethodHandle$Holder.invokeStatic(java.lang.Object, java.lang.Object, java.lang.Object, java.lang.Object, java.lang.Object, java.lang.Object, java.lang.Object, java.lang.Object, java.lang.Object, java.lang.Object, java.lang.Object, java.lang.Object, java.lang.Object, java.lang.Object, java.lang.Object, java.lang.Object)'> (0x000000008fd464b8) thrown at [./src/hotspot/share/interpreter/linkResolver.cpp, l
Event: 2.798 Thread 0x000001cecf891800 Exception <a 'java/lang/NoSuchMethodError'{0x000000008fd55630}: 'java.lang.Object java.lang.invoke.DirectMethodHandle$Holder.invokeSpecial(java.lang.Object, java.lang.Object, int, int, java.lang.Object, java.lang.Object, java.lang.Object)'> (0x000000008fd55630) thrown at [./src/hotspot/share/interpreter/linkResolver.cpp, line 773]
Event: 2.799 Thread 0x000001cecf891800 Exception <a 'java/lang/NoSuchMethodError'{0x000000008fd58bc0}: 'java.lang.Object java.lang.invoke.DelegatingMethodHandle$Holder.reinvoke_L(java.lang.Object, int, int, java.lang.Object, java.lang.Object, java.lang.Object)'> (0x000000008fd58bc0) thrown at [./src/hotspot/share/interpreter/linkResolver.cpp, line 773]
Event: 2.802 Thread 0x000001cecf891800 Exception <a 'java/lang/NoSuchMethodError'{0x000000008fd5cd98}: 'java.lang.Object java.lang.invoke.DirectMethodHandle$Holder.invokeStatic(java.lang.Object, java.lang.Object, java.lang.Object, java.lang.Object, int)'> (0x000000008fd5cd98) thrown at [./src/hotspot/share/interpreter/linkResolver.cpp, line 773]
Event: 3.221 Thread 0x000001cecf891800 Exception <a 'java/lang/NoSuchMethodError'{0x000000008fc81190}: 'java.lang.Object java.lang.invoke.DirectMethodHandle$Holder.invokeStaticInit(java.lang.Object, int, int, int, int)'> (0x000000008fc81190) thrown at [./src/hotspot/share/interpreter/linkResolver.cpp, line 773]
Event: 4.234 Thread 0x000001cecf891800 Exception <a 'java/lang/NoSuchMethodError'{0x000000008fb3daa0}: 'java.lang.Object java.lang.invoke.DirectMethodHandle$Holder.invokeStaticInit(java.lang.Object, java.lang.Object, int, int, int, int)'> (0x000000008fb3daa0) thrown at [./src/hotspot/share/interpreter/linkResolver.cpp, line 773]
Event: 5.117 Thread 0x000001cecf891800 Exception <a 'java/lang/NoClassDefFoundError'{0x000000008fc998a0}: org/slf4j/impl/StaticLoggerBinder> (0x000000008fc998a0) thrown at [./src/hotspot/share/classfile/systemDictionary.cpp, line 219]
Event: 5.748 Thread 0x000001cecf891800 Exception <a 'sun/nio/fs/WindowsException'{0x000000008ff47548}> (0x000000008ff47548) thrown at [./src/hotspot/share/prims/jni.cpp, line 616]
Event: 5.750 Thread 0x000001cecf891800 Exception <a 'java/lang/NoSuchMethodError'{0x000000008ff48d58}: 'int java.lang.invoke.DirectMethodHandle$Holder.invokeSpecialIFC(java.lang.Object, java.lang.Object, int)'> (0x000000008ff48d58) thrown at [./src/hotspot/share/interpreter/linkResolver.cpp, line 773]
Event: 5.805 Thread 0x000001cecf891800 Exception <a 'java/lang/NoSuchMethodError'{0x000000008ff82388}: 'int java.lang.invoke.DirectMethodHandle$Holder.invokeStaticInit(java.lang.Object, java.lang.Object, java.lang.Object, java.lang.Object)'> (0x000000008ff82388) thrown at [./src/hotspot/share/interpreter/linkResolver.cpp, line 773]
Event: 5.809 Thread 0x000001cecf891800 Exception <a 'java/lang/IncompatibleClassChangeError'{0x000000008ff8bca8}: Found class java.lang.Object, but interface was expected> (0x000000008ff8bca8) thrown at [./src/hotspot/share/interpreter/linkResolver.cpp, line 839]
Event: 5.812 Thread 0x000001cecf891800 Exception <a 'java/lang/NoSuchMethodError'{0x000000008ff8f010}: 'void java.lang.invoke.DirectMethodHandle$Holder.invokeStaticInit(java.lang.Object, java.lang.Object)'> (0x000000008ff8f010) thrown at [./src/hotspot/share/interpreter/linkResolver.cpp, line 773]
Event: 5.814 Thread 0x000001cecf891800 Exception <a 'java/lang/NoSuchMethodError'{0x000000008ff947d8}: 'int java.lang.invoke.DirectMethodHandle$Holder.invokeStaticInit(java.lang.Object, java.lang.Object)'> (0x000000008ff947d8) thrown at [./src/hotspot/share/interpreter/linkResolver.cpp, line 773]

Events (20 events):
Event: 6.020 loading class org/apache/hc/core5/pool/ConnPoolControl
Event: 6.020 loading class org/apache/hc/core5/pool/ConnPoolControl done
Event: 6.020 loading class org/apache/hc/core5/pool/ConnPoolStats
Event: 6.020 loading class org/apache/hc/core5/pool/ConnPoolStats done
Event: 6.021 loading class org/apache/hc/client5/http/io/HttpClientConnectionOperator
Event: 6.021 loading class org/apache/hc/client5/http/io/HttpClientConnectionOperator done
Event: 6.029 loading class org/apache/hc/core5/pool/ManagedConnPool
Event: 6.029 loading class org/apache/hc/core5/pool/ManagedConnPool done
Event: 6.030 loading class org/apache/hc/core5/pool/ConnPool
Event: 6.030 loading class org/apache/hc/core5/pool/ConnPool done
Event: 6.031 loading class org/apache/hc/core5/http/io/HttpConnectionFactory
Event: 6.031 loading class org/apache/hc/core5/http/io/HttpConnectionFactory done
Event: 6.032 loading class org/apache/hc/client5/http/io/LeaseRequest
Event: 6.032 loading class org/apache/hc/client5/http/io/LeaseRequest done
Event: 6.032 loading class org/apache/hc/core5/concurrent/Cancellable
Event: 6.032 loading class org/apache/hc/core5/concurrent/Cancellable done
Event: 6.033 loading class org/apache/hc/core5/pool/PoolConcurrencyPolicy
Event: 6.033 loading class org/apache/hc/core5/pool/PoolConcurrencyPolicy done
Event: 6.036 loading class org/apache/hc/core5/util/TimeValue
Event: 6.036 loading class org/apache/hc/core5/util/TimeValue done


Dynamic libraries:
0x00007ff740e50000 - 0x00007ff740e5d000 	C:\Program Files\Eclipse Adoptium\jdk-11.0.14.101-hotspot\bin\java.exe
0x00007ff91b670000 - 0x00007ff91b868000 	C:\WINDOWS\SYSTEM32\ntdll.dll
0x00007ff91a440000 - 0x00007ff91a4ff000 	C:\WINDOWS\System32\KERNEL32.DLL
0x00007ff918d50000 - 0x00007ff919046000 	C:\WINDOWS\System32\KERNELBASE.dll
0x00007ff919180000 - 0x00007ff919280000 	C:\WINDOWS\System32\ucrtbase.dll
0x00007ff8f9760000 - 0x00007ff8f9777000 	C:\Program Files\Eclipse Adoptium\jdk-11.0.14.101-hotspot\bin\jli.dll
0x00007ff9196e0000 - 0x00007ff91987d000 	C:\WINDOWS\System32\USER32.dll
0x00007ff9190e0000 - 0x00007ff919102000 	C:\WINDOWS\System32\win32u.dll
0x00007ff9199f0000 - 0x00007ff919a1c000 	C:\WINDOWS\System32\GDI32.dll
0x00007ff919580000 - 0x00007ff919695000 	C:\WINDOWS\System32\gdi32full.dll
0x00007ff9194e0000 - 0x00007ff91957d000 	C:\WINDOWS\System32\msvcp_win.dll
0x00007ff8f7e00000 - 0x00007ff8f7e15000 	C:\Program Files\Eclipse Adoptium\jdk-11.0.14.101-hotspot\bin\VCRUNTIME140.dll
0x00007ff907fa0000 - 0x00007ff90823a000 	C:\WINDOWS\WinSxS\amd64_microsoft.windows.common-controls_6595b64144ccf1df_6.0.19041.1110_none_60b5254171f9507e\COMCTL32.dll
0x00007ff91ae20000 - 0x00007ff91aebe000 	C:\WINDOWS\System32\msvcrt.dll
0x00007ff919ad0000 - 0x00007ff919b00000 	C:\WINDOWS\System32\IMM32.DLL
0x00007ff8e6120000 - 0x00007ff8e61bb000 	C:\Program Files\Eclipse Adoptium\jdk-11.0.14.101-hotspot\bin\msvcp140.dll
0x00007ff8b10c0000 - 0x00007ff8b1c41000 	C:\Program Files\Eclipse Adoptium\jdk-11.0.14.101-hotspot\bin\server\jvm.dll
0x00007ff919e60000 - 0x00007ff919f0f000 	C:\WINDOWS\System32\ADVAPI32.dll
0x00007ff91ac50000 - 0x00007ff91acec000 	C:\WINDOWS\System32\sechost.dll
0x00007ff91af70000 - 0x00007ff91b096000 	C:\WINDOWS\System32\RPCRT4.dll
0x00007ff9196d0000 - 0x00007ff9196d8000 	C:\WINDOWS\System32\PSAPI.DLL
0x00007ff90b920000 - 0x00007ff90b929000 	C:\WINDOWS\SYSTEM32\WSOCK32.dll
0x00007ff91a030000 - 0x00007ff91a09b000 	C:\WINDOWS\System32\WS2_32.dll
0x00007ff910050000 - 0x00007ff91005a000 	C:\WINDOWS\SYSTEM32\VERSION.dll
0x00007ff910020000 - 0x00007ff910047000 	C:\WINDOWS\SYSTEM32\WINMM.dll
0x00007ff9175f0000 - 0x00007ff917602000 	C:\WINDOWS\SYSTEM32\kernel.appcore.dll
0x00007ff911df0000 - 0x00007ff911e00000 	C:\Program Files\Eclipse Adoptium\jdk-11.0.14.101-hotspot\bin\verify.dll
0x00007ff917380000 - 0x00007ff917564000 	C:\WINDOWS\SYSTEM32\DBGHELP.DLL
0x00007ff9046d0000 - 0x00007ff904704000 	C:\WINDOWS\SYSTEM32\dbgcore.DLL
0x00007ff919050000 - 0x00007ff9190d2000 	C:\WINDOWS\System32\bcryptPrimitives.dll
0x00007ff8f4bb0000 - 0x00007ff8f4bd8000 	C:\Program Files\Eclipse Adoptium\jdk-11.0.14.101-hotspot\bin\java.dll
0x00007ff90c660000 - 0x00007ff90c66a000 	C:\Program Files\Eclipse Adoptium\jdk-11.0.14.101-hotspot\bin\jimage.dll
0x00007ff911700000 - 0x00007ff91170e000 	C:\Program Files\Eclipse Adoptium\jdk-11.0.14.101-hotspot\bin\instrument.dll
0x00007ff8f7de0000 - 0x00007ff8f7df8000 	C:\Program Files\Eclipse Adoptium\jdk-11.0.14.101-hotspot\bin\zip.dll
0x00007ff91a500000 - 0x00007ff91ac44000 	C:\WINDOWS\System32\SHELL32.dll
0x00007ff916b20000 - 0x00007ff9172b3000 	C:\WINDOWS\SYSTEM32\windows.storage.dll
0x00007ff919b00000 - 0x00007ff919e54000 	C:\WINDOWS\System32\combase.dll
0x00007ff918740000 - 0x00007ff91876e000 	C:\WINDOWS\SYSTEM32\Wldp.dll
0x00007ff91aec0000 - 0x00007ff91af6d000 	C:\WINDOWS\System32\SHCORE.dll
0x00007ff91a120000 - 0x00007ff91a175000 	C:\WINDOWS\System32\shlwapi.dll
0x00007ff918c90000 - 0x00007ff918caf000 	C:\WINDOWS\SYSTEM32\profapi.dll
0x00007ff8f3ab0000 - 0x00007ff8f3ac9000 	C:\Program Files\Eclipse Adoptium\jdk-11.0.14.101-hotspot\bin\net.dll
0x00007ff90d1f0000 - 0x00007ff90d2fa000 	C:\WINDOWS\SYSTEM32\WINHTTP.dll
0x00007ff918430000 - 0x00007ff91849a000 	C:\WINDOWS\system32\mswsock.dll
0x00007ff8f2d20000 - 0x00007ff8f2d33000 	C:\Program Files\Eclipse Adoptium\jdk-11.0.14.101-hotspot\bin\nio.dll
0x00007ff90a430000 - 0x00007ff90a44a000 	C:\Program Files\JetBrains\IntelliJ IDEA Community Edition 2021.3.3\bin\breakgen64.dll
0x00007ff918620000 - 0x00007ff918638000 	C:\WINDOWS\SYSTEM32\CRYPTSP.dll
0x00007ff917d50000 - 0x00007ff917d84000 	C:\WINDOWS\system32\rsaenh.dll
0x00007ff9196a0000 - 0x00007ff9196c7000 	C:\WINDOWS\System32\bcrypt.dll
0x00007ff918c50000 - 0x00007ff918c7e000 	C:\WINDOWS\SYSTEM32\USERENV.dll
0x00007ff918640000 - 0x00007ff91864c000 	C:\WINDOWS\SYSTEM32\CRYPTBASE.dll
0x00007ff918120000 - 0x00007ff91815c000 	C:\WINDOWS\SYSTEM32\IPHLPAPI.DLL
0x00007ff91a1b0000 - 0x00007ff91a1b8000 	C:\WINDOWS\System32\NSI.dll
0x00007ff90c6b0000 - 0x00007ff90c6c7000 	C:\WINDOWS\SYSTEM32\dhcpcsvc6.DLL
0x00007ff90c5e0000 - 0x00007ff90c5fd000 	C:\WINDOWS\SYSTEM32\dhcpcsvc.DLL
0x00007ff918160000 - 0x00007ff91822b000 	C:\WINDOWS\SYSTEM32\DNSAPI.dll
0x00007ff914500000 - 0x00007ff91450e000 	C:\Program Files\Eclipse Adoptium\jdk-11.0.14.101-hotspot\bin\sunmscapi.dll
0x00007ff919380000 - 0x00007ff9194de000 	C:\WINDOWS\System32\CRYPT32.dll
0x00007ff9187b0000 - 0x00007ff9187d8000 	C:\WINDOWS\SYSTEM32\ncrypt.dll
0x00007ff918770000 - 0x00007ff9187ab000 	C:\WINDOWS\SYSTEM32\NTASN1.dll
0x00007ff90c680000 - 0x00007ff90c6a5000 	C:\Program Files\Eclipse Adoptium\jdk-11.0.14.101-hotspot\bin\sunec.dll

dbghelp: loaded successfully - version: 4.0.5 - missing functions: none
symbol engine: initialized successfully - sym options: 0x614 - pdb path: .;C:\Program Files\Eclipse Adoptium\jdk-11.0.14.101-hotspot\bin;C:\WINDOWS\SYSTEM32;C:\WINDOWS\WinSxS\amd64_microsoft.windows.common-controls_6595b64144ccf1df_6.0.19041.1110_none_60b5254171f9507e;C:\Program Files\Eclipse Adoptium\jdk-11.0.14.101-hotspot\bin\server;C:\Program Files\JetBrains\IntelliJ IDEA Community Edition 2021.3.3\bin

VM Arguments:
jvm_args: -ea -Didea.test.cyclic.buffer.size=1048576 -javaagent:C:\Program Files\JetBrains\IntelliJ IDEA Community Edition 2021.3.3\lib\idea_rt.jar=65024:C:\Program Files\JetBrains\IntelliJ IDEA Community Edition 2021.3.3\bin -Dfile.encoding=UTF-8 
java_command: com.intellij.rt.testng.RemoteTestNGStarter -usedefaultlisteners false -socket65023 @w@C:\Users\HP\AppData\Local\Temp\idea_working_dirs_testng.tmp -temp C:\Users\HP\AppData\Local\Temp\idea_testng.tmp
java_class_path (initial): C:\Program Files\JetBrains\IntelliJ IDEA Community Edition 2021.3.3\lib\idea_rt.jar;C:\Program Files\JetBrains\IntelliJ IDEA Community Edition 2021.3.3\plugins\testng\lib\testng-rt.jar;C:\Users\HP\IdeaProjects\PracticingWaitsFunctionalityHomework\target\test-classes;C:\Users\HP\.m2\repository\org\testng\testng\6.14.3\testng-6.14.3.jar;C:\Users\HP\.m2\repository\com\beust\jcommander\1.72\jcommander-1.72.jar;C:\Users\HP\.m2\repository\org\apache-extras\beanshell\bsh\2.0b6\bsh-2.0b6.jar;C:\Users\HP\.m2\repository\org\seleniumhq\selenium\selenium-java\3.6.0\selenium-java-3.6.0.jar;C:\Users\HP\.m2\repository\org\seleniumhq\selenium\selenium-api\3.6.0\selenium-api-3.6.0.jar;C:\Users\HP\.m2\repository\org\seleniumhq\selenium\selenium-chrome-driver\3.6.0\selenium-chrome-driver-3.6.0.jar;C:\Users\HP\.m2\repository\org\seleniumhq\selenium\selenium-edge-driver\3.6.0\selenium-edge-driver-3.6.0.jar;C:\Users\HP\.m2\repository\org\seleniumhq\selenium\selenium-firefox-driver\3.6.0\selenium-firefox-driver-3.6.0.jar;C:\Users\HP\.m2\repository\org\seleniumhq\selenium\selenium-ie-driver\3.6.0\selenium-ie-driver-3.6.0.jar;C:\Users\HP\.m2\repository\org\seleniumhq\selenium\selenium-opera-driver\3.6.0\selenium-opera-driver-3.6.0.jar;C:\Users\HP\.m2\repository\org\seleniumhq\selenium\selenium-remote-driver\3.6.0\selenium-remote-driver-3.6.0.jar;C:\Users\HP\.m2\repository\org\seleniumhq\selenium\selenium-safari-driver\3.6.0\selenium-safari-driver-3.6.0.jar;C:\Users\HP\.m2\repository\org\seleniumhq\selenium\selenium-support\3.6.0\selenium-support-3.6.0.jar;C:\Users\HP\.m2\repository\net\bytebuddy\byte-buddy\1.7.5\byte-buddy-1.7.5.jar;C:\Users\HP\.m2\repository\org\apache\commons\commons-exec\1.3\commons-exec-1.3.jar;C:\Users\HP\.m2\repository\commons-codec\commons-codec\1.10\commons-codec-1.10.jar;C:\Users\HP\.m2\repository\commons-logging\commons-logging\1.2\commons-logging-1.2.jar;C:\Users\HP\.m2\repository\com\google\code\gson\gson\2.8.0\gson-2.8.0.jar;C:\User
Launcher Type: SUN_STANDARD

[Global flags]
     intx CICompilerCount                          = 2                                         {product} {ergonomic}
     uint ConcGCThreads                            = 1                                         {product} {ergonomic}
     uint G1ConcRefinementThreads                  = 2                                         {product} {ergonomic}
   size_t G1HeapRegionSize                         = 1048576                                   {product} {ergonomic}
    uintx GCDrainStackTargetSize                   = 64                                        {product} {ergonomic}
   size_t InitialHeapSize                          = 125829120                                 {product} {ergonomic}
   size_t MarkStackSize                            = 4194304                                   {product} {ergonomic}
   size_t MaxHeapSize                              = 2004877312                                {product} {ergonomic}
   size_t MaxNewSize                               = 1202716672                                {product} {ergonomic}
   size_t MinHeapDeltaBytes                        = 1048576                                   {product} {ergonomic}
    uintx NonNMethodCodeHeapSize                   = 5825164                                {pd product} {ergonomic}
    uintx NonProfiledCodeHeapSize                  = 122916538                              {pd product} {ergonomic}
    uintx ProfiledCodeHeapSize                     = 122916538                              {pd product} {ergonomic}
    uintx ReservedCodeCacheSize                    = 251658240                              {pd product} {ergonomic}
     bool SegmentedCodeCache                       = true                                      {product} {ergonomic}
     bool UseCompressedClassPointers               = true                                 {lp64_product} {ergonomic}
     bool UseCompressedOops                        = true                                 {lp64_product} {ergonomic}
     bool UseG1GC                                  = true                                      {product} {ergonomic}
     bool UseLargePagesIndividualAllocation        = false                                  {pd product} {ergonomic}

Logging:
Log output configuration:
 #0: stdout all=warning uptime,level,tags
 #1: stderr all=off uptime,level,tags

Environment Variables:
JAVA_HOME=C:\Program Files\Java\jdk-18.0.1.1
PATH=C:\Program Files\Common Files\Oracle\Java\javapath;C:\Program Files\Eclipse Adoptium\jdk-11.0.14.101-hotspot\bin;C:\WINDOWS\system32;C:\WINDOWS;C:\WINDOWS\System32\Wbem;C:\WINDOWS\System32\WindowsPowerShell\v1.0\;C:\WINDOWS\System32\OpenSSH\;C:\Program Files\dotnet\;C:\Program Files\Microsoft SQL Server\130\Tools\Binn\;C:\Program Files\Microsoft SQL Server\Client SDK\ODBC\170\Tools\Binn\;C:\Program Files\Java\jdk-18.0.1.1\bin;C:\Program Files\Java\jdk-18.0.1.1\bin;C:\Program Files\apache-maven-3.8.6-bin\apache-maven-3.8.6\bin;C:\Program Files\Git\cmd;C:\Program Files\MySQL\MySQL Shell 8.0\bin\
USERNAME=HP
OS=Windows_NT
PROCESSOR_IDENTIFIER=AMD64 Family 21 Model 112 Stepping 0, AuthenticAMD



---------------  S Y S T E M  ---------------

OS: Windows 10 , 64 bit Build 19041 (10.0.19041.2913)
OS uptime: 13 days 20:44 hours

CPU:total 2 (initial active 2) (2 cores per cpu, 1 threads per core) family 21 model 112 stepping 0 microcode 0x0, cmov, cx8, fxsr, mmx, sse, sse2, sse3, ssse3, sse4.1, sse4.2, popcnt, avx, avx2, aes, clmul, mmxext, 3dnowpref, lzcnt, sse4a, tsc, tscinvbit, tscinv, bmi1, bmi2, fma

Memory: 4k page, system-wide physical 7645M (1004M free)
TotalPageFile size 7645M (AvailPageFile size 4M)
current process WorkingSet (physical memory assigned to process): 76M, peak: 76M
current process commit charge ("private bytes"): 205M, peak: 206M

vm_info: OpenJDK 64-Bit Server VM (11.0.14.1+1) for windows-amd64 JRE (11.0.14.1+1), built on Feb  9 2022 01:48:27 by "" with unknown MS VC++:1916

END.
